[2015-05-12 12:13:42] production.ERROR: exception 'ErrorException' with message 'Undefined variable: app' in /home/dubdub/projects/VoluntEasy/laravelProject/app/Http/routes.php:28
Stack trace:
#0 /home/dubdub/projects/VoluntEasy/laravelProject/app/Http/routes.php(28): Illuminate\Foundation\Bootstrap\HandleExceptions->handleError(8, 'Undefined varia...', '/home/dubdub/pr...', 28, Array)
#1 [internal function]: App\Providers\RouteServiceProvider->{closure}()
#2 /home/dubdub/projects/VoluntEasy/laravelProject/vendor/compiled.php(7385): call_user_func_array(Object(Closure), Array)
#3 /home/dubdub/projects/VoluntEasy/laravelProject/vendor/compiled.php(7372): Illuminate\Routing\Route->runCallable(Object(Illuminate\Http\Request))
#4 /home/dubdub/projects/VoluntEasy/laravelProject/vendor/compiled.php(7041): Illuminate\Routing\Route->run(Object(Illuminate\Http\Request))
#5 [internal function]: Illuminate\Routing\Router->Illuminate\Routing\{closure}(Object(Illuminate\Http\Request))
#6 /home/dubdub/projects/VoluntEasy/laravelProject/vendor/compiled.php(9053): call_user_func(Object(Closure), Object(Illuminate\Http\Request))
#7 [internal function]: Illuminate\Pipeline\Pipeline->Illuminate\Pipeline\{closure}(Object(Illuminate\Http\Request))
#8 /home/dubdub/projects/VoluntEasy/laravelProject/vendor/compiled.php(9036): call_user_func(Object(Closure), Object(Illuminate\Http\Request))
#9 /home/dubdub/projects/VoluntEasy/laravelProject/vendor/compiled.php(7042): Illuminate\Pipeline\Pipeline->then(Object(Closure))
#10 /home/dubdub/projects/VoluntEasy/laravelProject/vendor/compiled.php(7031): Illuminate\Routing\Router->runRouteWithinStack(Object(Illuminate\Routing\Route), Object(Illuminate\Http\Request))
#11 /home/dubdub/projects/VoluntEasy/laravelProject/vendor/compiled.php(7016): Illuminate\Routing\Router->dispatchToRoute(Object(Illuminate\Http\Request))
#12 /home/dubdub/projects/VoluntEasy/laravelProject/vendor/compiled.php(1989): Illuminate\Routing\Router->dispatch(Object(Illuminate\Http\Request))
#13 [internal function]: Illuminate\Foundation\Http\Kernel->Illuminate\Foundation\Http\{closure}(Object(Illuminate\Http\Request))
#14 /home/dubdub/projects/VoluntEasy/laravelProject/vendor/compiled.php(9053): call_user_func(Object(Closure), Object(Illuminate\Http\Request))
#15 /home/dubdub/projects/VoluntEasy/laravelProject/vendor/compiled.php(2492): Illuminate\Pipeline\Pipeline->Illuminate\Pipeline\{closure}(Object(Illuminate\Http\Request))
#16 /home/dubdub/projects/VoluntEasy/laravelProject/app/Http/Middleware/VerifyCsrfToken.php(17): Illuminate\Foundation\Http\Middleware\VerifyCsrfToken->handle(Object(Illuminate\Http\Request), Object(Closure))
#17 /home/dubdub/projects/VoluntEasy/laravelProject/vendor/compiled.php(9045): App\Http\Middleware\VerifyCsrfToken->handle(Object(Illuminate\Http\Request), Object(Closure))
#18 /home/dubdub/projects/VoluntEasy/laravelProject/vendor/compiled.php(12202): Illuminate\Pipeline\Pipeline->Illuminate\Pipeline\{closure}(Object(Illuminate\Http\Request))
#19 /home/dubdub/projects/VoluntEasy/laravelProject/vendor/compiled.php(9045): Illuminate\View\Middleware\ShareErrorsFromSession->handle(Object(Illuminate\Http\Request), Object(Closure))
#20 /home/dubdub/projects/VoluntEasy/laravelProject/vendor/compiled.php(10903): Illuminate\Pipeline\Pipeline->Illuminate\Pipeline\{closure}(Object(Illuminate\Http\Request))
#21 /home/dubdub/projects/VoluntEasy/laravelProject/vendor/compiled.php(9045): Illuminate\Session\Middleware\StartSession->handle(Object(Illuminate\Http\Request), Object(Closure))
#22 /home/dubdub/projects/VoluntEasy/laravelProject/vendor/compiled.php(11908): Illuminate\Pipeline\Pipeline->Illuminate\Pipeline\{closure}(Object(Illuminate\Http\Request))
#23 /home/dubdub/projects/VoluntEasy/laravelProject/vendor/compiled.php(9045): Illuminate\Cookie\Middleware\AddQueuedCookiesToResponse->handle(Object(Illuminate\Http\Request), Object(Closure))
#24 /home/dubdub/projects/VoluntEasy/laravelProject/vendor/compiled.php(11857): Illuminate\Pipeline\Pipeline->Illuminate\Pipeline\{closure}(Object(Illuminate\Http\Request))
#25 /home/dubdub/projects/VoluntEasy/laravelProject/vendor/compiled.php(9045): Illuminate\Cookie\Middleware\EncryptCookies->handle(Object(Illuminate\Http\Request), Object(Closure))
#26 /home/dubdub/projects/VoluntEasy/laravelProject/vendor/compiled.php(2532): Illuminate\Pipeline\Pipeline->Illuminate\Pipeline\{closure}(Object(Illuminate\Http\Request))
#27 /home/dubdub/projects/VoluntEasy/laravelProject/vendor/compiled.php(9045): Illuminate\Foundation\Http\Middleware\CheckForMaintenanceMode->handle(Object(Illuminate\Http\Request), Object(Closure))
#28 [internal function]: Illuminate\Pipeline\Pipeline->Illuminate\Pipeline\{closure}(Object(Illuminate\Http\Request))
#29 /home/dubdub/projects/VoluntEasy/laravelProject/vendor/compiled.php(9036): call_user_func(Object(Closure), Object(Illuminate\Http\Request))
#30 /home/dubdub/projects/VoluntEasy/laravelProject/vendor/compiled.php(1945): Illuminate\Pipeline\Pipeline->then(Object(Closure))
#31 /home/dubdub/projects/VoluntEasy/laravelProject/vendor/compiled.php(1932): Illuminate\Foundation\Http\Kernel->sendRequestThroughRouter(Object(Illuminate\Http\Request))
#32 /home/dubdub/projects/VoluntEasy/laravelProject/public/index.php(53): Illuminate\Foundation\Http\Kernel->handle(Object(Illuminate\Http\Request))
#33 /home/dubdub/projects/VoluntEasy/laravelProject/server.php(21): require_once('/home/dubdub/pr...')
#34 {main}  
[2015-05-12 12:14:04] production.ERROR: exception 'ErrorException' with message 'Undefined variable: app' in /home/dubdub/projects/VoluntEasy/laravelProject/app/Http/routes.php:28
Stack trace:
#0 /home/dubdub/projects/VoluntEasy/laravelProject/app/Http/routes.php(28): Illuminate\Foundation\Bootstrap\HandleExceptions->handleError(8, 'Undefined varia...', '/home/dubdub/pr...', 28, Array)
#1 [internal function]: App\Providers\RouteServiceProvider->{closure}()
#2 /home/dubdub/projects/VoluntEasy/laravelProject/vendor/compiled.php(7385): call_user_func_array(Object(Closure), Array)
#3 /home/dubdub/projects/VoluntEasy/laravelProject/vendor/compiled.php(7372): Illuminate\Routing\Route->runCallable(Object(Illuminate\Http\Request))
#4 /home/dubdub/projects/VoluntEasy/laravelProject/vendor/compiled.php(7041): Illuminate\Routing\Route->run(Object(Illuminate\Http\Request))
#5 [internal function]: Illuminate\Routing\Router->Illuminate\Routing\{closure}(Object(Illuminate\Http\Request))
#6 /home/dubdub/projects/VoluntEasy/laravelProject/vendor/compiled.php(9053): call_user_func(Object(Closure), Object(Illuminate\Http\Request))
#7 [internal function]: Illuminate\Pipeline\Pipeline->Illuminate\Pipeline\{closure}(Object(Illuminate\Http\Request))
#8 /home/dubdub/projects/VoluntEasy/laravelProject/vendor/compiled.php(9036): call_user_func(Object(Closure), Object(Illuminate\Http\Request))
#9 /home/dubdub/projects/VoluntEasy/laravelProject/vendor/compiled.php(7042): Illuminate\Pipeline\Pipeline->then(Object(Closure))
#10 /home/dubdub/projects/VoluntEasy/laravelProject/vendor/compiled.php(7031): Illuminate\Routing\Router->runRouteWithinStack(Object(Illuminate\Routing\Route), Object(Illuminate\Http\Request))
#11 /home/dubdub/projects/VoluntEasy/laravelProject/vendor/compiled.php(7016): Illuminate\Routing\Router->dispatchToRoute(Object(Illuminate\Http\Request))
#12 /home/dubdub/projects/VoluntEasy/laravelProject/vendor/compiled.php(1989): Illuminate\Routing\Router->dispatch(Object(Illuminate\Http\Request))
#13 [internal function]: Illuminate\Foundation\Http\Kernel->Illuminate\Foundation\Http\{closure}(Object(Illuminate\Http\Request))
#14 /home/dubdub/projects/VoluntEasy/laravelProject/vendor/compiled.php(9053): call_user_func(Object(Closure), Object(Illuminate\Http\Request))
#15 /home/dubdub/projects/VoluntEasy/laravelProject/vendor/compiled.php(2492): Illuminate\Pipeline\Pipeline->Illuminate\Pipeline\{closure}(Object(Illuminate\Http\Request))
#16 /home/dubdub/projects/VoluntEasy/laravelProject/app/Http/Middleware/VerifyCsrfToken.php(17): Illuminate\Foundation\Http\Middleware\VerifyCsrfToken->handle(Object(Illuminate\Http\Request), Object(Closure))
#17 /home/dubdub/projects/VoluntEasy/laravelProject/vendor/compiled.php(9045): App\Http\Middleware\VerifyCsrfToken->handle(Object(Illuminate\Http\Request), Object(Closure))
#18 /home/dubdub/projects/VoluntEasy/laravelProject/vendor/compiled.php(12202): Illuminate\Pipeline\Pipeline->Illuminate\Pipeline\{closure}(Object(Illuminate\Http\Request))
#19 /home/dubdub/projects/VoluntEasy/laravelProject/vendor/compiled.php(9045): Illuminate\View\Middleware\ShareErrorsFromSession->handle(Object(Illuminate\Http\Request), Object(Closure))
#20 /home/dubdub/projects/VoluntEasy/laravelProject/vendor/compiled.php(10903): Illuminate\Pipeline\Pipeline->Illuminate\Pipeline\{closure}(Object(Illuminate\Http\Request))
#21 /home/dubdub/projects/VoluntEasy/laravelProject/vendor/compiled.php(9045): Illuminate\Session\Middleware\StartSession->handle(Object(Illuminate\Http\Request), Object(Closure))
#22 /home/dubdub/projects/VoluntEasy/laravelProject/vendor/compiled.php(11908): Illuminate\Pipeline\Pipeline->Illuminate\Pipeline\{closure}(Object(Illuminate\Http\Request))
#23 /home/dubdub/projects/VoluntEasy/laravelProject/vendor/compiled.php(9045): Illuminate\Cookie\Middleware\AddQueuedCookiesToResponse->handle(Object(Illuminate\Http\Request), Object(Closure))
#24 /home/dubdub/projects/VoluntEasy/laravelProject/vendor/compiled.php(11857): Illuminate\Pipeline\Pipeline->Illuminate\Pipeline\{closure}(Object(Illuminate\Http\Request))
#25 /home/dubdub/projects/VoluntEasy/laravelProject/vendor/compiled.php(9045): Illuminate\Cookie\Middleware\EncryptCookies->handle(Object(Illuminate\Http\Request), Object(Closure))
#26 /home/dubdub/projects/VoluntEasy/laravelProject/vendor/compiled.php(2532): Illuminate\Pipeline\Pipeline->Illuminate\Pipeline\{closure}(Object(Illuminate\Http\Request))
#27 /home/dubdub/projects/VoluntEasy/laravelProject/vendor/compiled.php(9045): Illuminate\Foundation\Http\Middleware\CheckForMaintenanceMode->handle(Object(Illuminate\Http\Request), Object(Closure))
#28 [internal function]: Illuminate\Pipeline\Pipeline->Illuminate\Pipeline\{closure}(Object(Illuminate\Http\Request))
#29 /home/dubdub/projects/VoluntEasy/laravelProject/vendor/compiled.php(9036): call_user_func(Object(Closure), Object(Illuminate\Http\Request))
#30 /home/dubdub/projects/VoluntEasy/laravelProject/vendor/compiled.php(1945): Illuminate\Pipeline\Pipeline->then(Object(Closure))
#31 /home/dubdub/projects/VoluntEasy/laravelProject/vendor/compiled.php(1932): Illuminate\Foundation\Http\Kernel->sendRequestThroughRouter(Object(Illuminate\Http\Request))
#32 /home/dubdub/projects/VoluntEasy/laravelProject/public/index.php(53): Illuminate\Foundation\Http\Kernel->handle(Object(Illuminate\Http\Request))
#33 /home/dubdub/projects/VoluntEasy/laravelProject/server.php(21): require_once('/home/dubdub/pr...')
#34 {main}  
[2015-05-12 12:16:08] production.ERROR: exception 'ErrorException' with message 'Use of undefined constant test - assumed 'test'' in /home/dubdub/projects/VoluntEasy/laravelProject/app/Http/routes.php:30
Stack trace:
#0 /home/dubdub/projects/VoluntEasy/laravelProject/app/Http/routes.php(30): Illuminate\Foundation\Bootstrap\HandleExceptions->handleError(8, 'Use of undefine...', '/home/dubdub/pr...', 30, Array)
#1 [internal function]: App\Providers\RouteServiceProvider->{closure}()
#2 /home/dubdub/projects/VoluntEasy/laravelProject/vendor/compiled.php(7385): call_user_func_array(Object(Closure), Array)
#3 /home/dubdub/projects/VoluntEasy/laravelProject/vendor/compiled.php(7372): Illuminate\Routing\Route->runCallable(Object(Illuminate\Http\Request))
#4 /home/dubdub/projects/VoluntEasy/laravelProject/vendor/compiled.php(7041): Illuminate\Routing\Route->run(Object(Illuminate\Http\Request))
#5 [internal function]: Illuminate\Routing\Router->Illuminate\Routing\{closure}(Object(Illuminate\Http\Request))
#6 /home/dubdub/projects/VoluntEasy/laravelProject/vendor/compiled.php(9053): call_user_func(Object(Closure), Object(Illuminate\Http\Request))
#7 [internal function]: Illuminate\Pipeline\Pipeline->Illuminate\Pipeline\{closure}(Object(Illuminate\Http\Request))
#8 /home/dubdub/projects/VoluntEasy/laravelProject/vendor/compiled.php(9036): call_user_func(Object(Closure), Object(Illuminate\Http\Request))
#9 /home/dubdub/projects/VoluntEasy/laravelProject/vendor/compiled.php(7042): Illuminate\Pipeline\Pipeline->then(Object(Closure))
#10 /home/dubdub/projects/VoluntEasy/laravelProject/vendor/compiled.php(7031): Illuminate\Routing\Router->runRouteWithinStack(Object(Illuminate\Routing\Route), Object(Illuminate\Http\Request))
#11 /home/dubdub/projects/VoluntEasy/laravelProject/vendor/compiled.php(7016): Illuminate\Routing\Router->dispatchToRoute(Object(Illuminate\Http\Request))
#12 /home/dubdub/projects/VoluntEasy/laravelProject/vendor/compiled.php(1989): Illuminate\Routing\Router->dispatch(Object(Illuminate\Http\Request))
#13 [internal function]: Illuminate\Foundation\Http\Kernel->Illuminate\Foundation\Http\{closure}(Object(Illuminate\Http\Request))
#14 /home/dubdub/projects/VoluntEasy/laravelProject/vendor/compiled.php(9053): call_user_func(Object(Closure), Object(Illuminate\Http\Request))
#15 /home/dubdub/projects/VoluntEasy/laravelProject/vendor/compiled.php(2492): Illuminate\Pipeline\Pipeline->Illuminate\Pipeline\{closure}(Object(Illuminate\Http\Request))
#16 /home/dubdub/projects/VoluntEasy/laravelProject/app/Http/Middleware/VerifyCsrfToken.php(17): Illuminate\Foundation\Http\Middleware\VerifyCsrfToken->handle(Object(Illuminate\Http\Request), Object(Closure))
#17 /home/dubdub/projects/VoluntEasy/laravelProject/vendor/compiled.php(9045): App\Http\Middleware\VerifyCsrfToken->handle(Object(Illuminate\Http\Request), Object(Closure))
#18 /home/dubdub/projects/VoluntEasy/laravelProject/vendor/compiled.php(12202): Illuminate\Pipeline\Pipeline->Illuminate\Pipeline\{closure}(Object(Illuminate\Http\Request))
#19 /home/dubdub/projects/VoluntEasy/laravelProject/vendor/compiled.php(9045): Illuminate\View\Middleware\ShareErrorsFromSession->handle(Object(Illuminate\Http\Request), Object(Closure))
#20 /home/dubdub/projects/VoluntEasy/laravelProject/vendor/compiled.php(10903): Illuminate\Pipeline\Pipeline->Illuminate\Pipeline\{closure}(Object(Illuminate\Http\Request))
#21 /home/dubdub/projects/VoluntEasy/laravelProject/vendor/compiled.php(9045): Illuminate\Session\Middleware\StartSession->handle(Object(Illuminate\Http\Request), Object(Closure))
#22 /home/dubdub/projects/VoluntEasy/laravelProject/vendor/compiled.php(11908): Illuminate\Pipeline\Pipeline->Illuminate\Pipeline\{closure}(Object(Illuminate\Http\Request))
#23 /home/dubdub/projects/VoluntEasy/laravelProject/vendor/compiled.php(9045): Illuminate\Cookie\Middleware\AddQueuedCookiesToResponse->handle(Object(Illuminate\Http\Request), Object(Closure))
#24 /home/dubdub/projects/VoluntEasy/laravelProject/vendor/compiled.php(11857): Illuminate\Pipeline\Pipeline->Illuminate\Pipeline\{closure}(Object(Illuminate\Http\Request))
#25 /home/dubdub/projects/VoluntEasy/laravelProject/vendor/compiled.php(9045): Illuminate\Cookie\Middleware\EncryptCookies->handle(Object(Illuminate\Http\Request), Object(Closure))
#26 /home/dubdub/projects/VoluntEasy/laravelProject/vendor/compiled.php(2532): Illuminate\Pipeline\Pipeline->Illuminate\Pipeline\{closure}(Object(Illuminate\Http\Request))
#27 /home/dubdub/projects/VoluntEasy/laravelProject/vendor/compiled.php(9045): Illuminate\Foundation\Http\Middleware\CheckForMaintenanceMode->handle(Object(Illuminate\Http\Request), Object(Closure))
#28 [internal function]: Illuminate\Pipeline\Pipeline->Illuminate\Pipeline\{closure}(Object(Illuminate\Http\Request))
#29 /home/dubdub/projects/VoluntEasy/laravelProject/vendor/compiled.php(9036): call_user_func(Object(Closure), Object(Illuminate\Http\Request))
#30 /home/dubdub/projects/VoluntEasy/laravelProject/vendor/compiled.php(1945): Illuminate\Pipeline\Pipeline->then(Object(Closure))
#31 /home/dubdub/projects/VoluntEasy/laravelProject/vendor/compiled.php(1932): Illuminate\Foundation\Http\Kernel->sendRequestThroughRouter(Object(Illuminate\Http\Request))
#32 /home/dubdub/projects/VoluntEasy/laravelProject/public/index.php(53): Illuminate\Foundation\Http\Kernel->handle(Object(Illuminate\Http\Request))
#33 /home/dubdub/projects/VoluntEasy/laravelProject/server.php(21): require_once('/home/dubdub/pr...')
#34 {main}  
[2015-05-12 12:16:10] production.ERROR: exception 'ErrorException' with message 'Use of undefined constant test - assumed 'test'' in /home/dubdub/projects/VoluntEasy/laravelProject/app/Http/routes.php:30
Stack trace:
#0 /home/dubdub/projects/VoluntEasy/laravelProject/app/Http/routes.php(30): Illuminate\Foundation\Bootstrap\HandleExceptions->handleError(8, 'Use of undefine...', '/home/dubdub/pr...', 30, Array)
#1 [internal function]: App\Providers\RouteServiceProvider->{closure}()
#2 /home/dubdub/projects/VoluntEasy/laravelProject/vendor/compiled.php(7385): call_user_func_array(Object(Closure), Array)
#3 /home/dubdub/projects/VoluntEasy/laravelProject/vendor/compiled.php(7372): Illuminate\Routing\Route->runCallable(Object(Illuminate\Http\Request))
#4 /home/dubdub/projects/VoluntEasy/laravelProject/vendor/compiled.php(7041): Illuminate\Routing\Route->run(Object(Illuminate\Http\Request))
#5 [internal function]: Illuminate\Routing\Router->Illuminate\Routing\{closure}(Object(Illuminate\Http\Request))
#6 /home/dubdub/projects/VoluntEasy/laravelProject/vendor/compiled.php(9053): call_user_func(Object(Closure), Object(Illuminate\Http\Request))
#7 [internal function]: Illuminate\Pipeline\Pipeline->Illuminate\Pipeline\{closure}(Object(Illuminate\Http\Request))
#8 /home/dubdub/projects/VoluntEasy/laravelProject/vendor/compiled.php(9036): call_user_func(Object(Closure), Object(Illuminate\Http\Request))
#9 /home/dubdub/projects/VoluntEasy/laravelProject/vendor/compiled.php(7042): Illuminate\Pipeline\Pipeline->then(Object(Closure))
#10 /home/dubdub/projects/VoluntEasy/laravelProject/vendor/compiled.php(7031): Illuminate\Routing\Router->runRouteWithinStack(Object(Illuminate\Routing\Route), Object(Illuminate\Http\Request))
#11 /home/dubdub/projects/VoluntEasy/laravelProject/vendor/compiled.php(7016): Illuminate\Routing\Router->dispatchToRoute(Object(Illuminate\Http\Request))
#12 /home/dubdub/projects/VoluntEasy/laravelProject/vendor/compiled.php(1989): Illuminate\Routing\Router->dispatch(Object(Illuminate\Http\Request))
#13 [internal function]: Illuminate\Foundation\Http\Kernel->Illuminate\Foundation\Http\{closure}(Object(Illuminate\Http\Request))
#14 /home/dubdub/projects/VoluntEasy/laravelProject/vendor/compiled.php(9053): call_user_func(Object(Closure), Object(Illuminate\Http\Request))
#15 /home/dubdub/projects/VoluntEasy/laravelProject/vendor/compiled.php(2492): Illuminate\Pipeline\Pipeline->Illuminate\Pipeline\{closure}(Object(Illuminate\Http\Request))
#16 /home/dubdub/projects/VoluntEasy/laravelProject/app/Http/Middleware/VerifyCsrfToken.php(17): Illuminate\Foundation\Http\Middleware\VerifyCsrfToken->handle(Object(Illuminate\Http\Request), Object(Closure))
#17 /home/dubdub/projects/VoluntEasy/laravelProject/vendor/compiled.php(9045): App\Http\Middleware\VerifyCsrfToken->handle(Object(Illuminate\Http\Request), Object(Closure))
#18 /home/dubdub/projects/VoluntEasy/laravelProject/vendor/compiled.php(12202): Illuminate\Pipeline\Pipeline->Illuminate\Pipeline\{closure}(Object(Illuminate\Http\Request))
#19 /home/dubdub/projects/VoluntEasy/laravelProject/vendor/compiled.php(9045): Illuminate\View\Middleware\ShareErrorsFromSession->handle(Object(Illuminate\Http\Request), Object(Closure))
#20 /home/dubdub/projects/VoluntEasy/laravelProject/vendor/compiled.php(10903): Illuminate\Pipeline\Pipeline->Illuminate\Pipeline\{closure}(Object(Illuminate\Http\Request))
#21 /home/dubdub/projects/VoluntEasy/laravelProject/vendor/compiled.php(9045): Illuminate\Session\Middleware\StartSession->handle(Object(Illuminate\Http\Request), Object(Closure))
#22 /home/dubdub/projects/VoluntEasy/laravelProject/vendor/compiled.php(11908): Illuminate\Pipeline\Pipeline->Illuminate\Pipeline\{closure}(Object(Illuminate\Http\Request))
#23 /home/dubdub/projects/VoluntEasy/laravelProject/vendor/compiled.php(9045): Illuminate\Cookie\Middleware\AddQueuedCookiesToResponse->handle(Object(Illuminate\Http\Request), Object(Closure))
#24 /home/dubdub/projects/VoluntEasy/laravelProject/vendor/compiled.php(11857): Illuminate\Pipeline\Pipeline->Illuminate\Pipeline\{closure}(Object(Illuminate\Http\Request))
#25 /home/dubdub/projects/VoluntEasy/laravelProject/vendor/compiled.php(9045): Illuminate\Cookie\Middleware\EncryptCookies->handle(Object(Illuminate\Http\Request), Object(Closure))
#26 /home/dubdub/projects/VoluntEasy/laravelProject/vendor/compiled.php(2532): Illuminate\Pipeline\Pipeline->Illuminate\Pipeline\{closure}(Object(Illuminate\Http\Request))
#27 /home/dubdub/projects/VoluntEasy/laravelProject/vendor/compiled.php(9045): Illuminate\Foundation\Http\Middleware\CheckForMaintenanceMode->handle(Object(Illuminate\Http\Request), Object(Closure))
#28 [internal function]: Illuminate\Pipeline\Pipeline->Illuminate\Pipeline\{closure}(Object(Illuminate\Http\Request))
#29 /home/dubdub/projects/VoluntEasy/laravelProject/vendor/compiled.php(9036): call_user_func(Object(Closure), Object(Illuminate\Http\Request))
#30 /home/dubdub/projects/VoluntEasy/laravelProject/vendor/compiled.php(1945): Illuminate\Pipeline\Pipeline->then(Object(Closure))
#31 /home/dubdub/projects/VoluntEasy/laravelProject/vendor/compiled.php(1932): Illuminate\Foundation\Http\Kernel->sendRequestThroughRouter(Object(Illuminate\Http\Request))
#32 /home/dubdub/projects/VoluntEasy/laravelProject/public/index.php(53): Illuminate\Foundation\Http\Kernel->handle(Object(Illuminate\Http\Request))
#33 /home/dubdub/projects/VoluntEasy/laravelProject/server.php(21): require_once('/home/dubdub/pr...')
#34 {main}  
[2015-05-12 12:16:24] production.ERROR: exception 'Symfony\Component\Debug\Exception\FatalErrorException' with message 'syntax error, unexpected end of file' in /home/dubdub/projects/VoluntEasy/laravelProject/app/Http/routes.php:37
Stack trace:
#0 {main}  
[2015-05-12 12:16:33] production.ERROR: exception 'ErrorException' with message 'Use of undefined constant test - assumed 'test'' in /home/dubdub/projects/VoluntEasy/laravelProject/app/Http/routes.php:30
Stack trace:
#0 /home/dubdub/projects/VoluntEasy/laravelProject/app/Http/routes.php(30): Illuminate\Foundation\Bootstrap\HandleExceptions->handleError(8, 'Use of undefine...', '/home/dubdub/pr...', 30, Array)
#1 [internal function]: App\Providers\RouteServiceProvider->{closure}()
#2 /home/dubdub/projects/VoluntEasy/laravelProject/vendor/compiled.php(7385): call_user_func_array(Object(Closure), Array)
#3 /home/dubdub/projects/VoluntEasy/laravelProject/vendor/compiled.php(7372): Illuminate\Routing\Route->runCallable(Object(Illuminate\Http\Request))
#4 /home/dubdub/projects/VoluntEasy/laravelProject/vendor/compiled.php(7041): Illuminate\Routing\Route->run(Object(Illuminate\Http\Request))
#5 [internal function]: Illuminate\Routing\Router->Illuminate\Routing\{closure}(Object(Illuminate\Http\Request))
#6 /home/dubdub/projects/VoluntEasy/laravelProject/vendor/compiled.php(9053): call_user_func(Object(Closure), Object(Illuminate\Http\Request))
#7 [internal function]: Illuminate\Pipeline\Pipeline->Illuminate\Pipeline\{closure}(Object(Illuminate\Http\Request))
#8 /home/dubdub/projects/VoluntEasy/laravelProject/vendor/compiled.php(9036): call_user_func(Object(Closure), Object(Illuminate\Http\Request))
#9 /home/dubdub/projects/VoluntEasy/laravelProject/vendor/compiled.php(7042): Illuminate\Pipeline\Pipeline->then(Object(Closure))
#10 /home/dubdub/projects/VoluntEasy/laravelProject/vendor/compiled.php(7031): Illuminate\Routing\Router->runRouteWithinStack(Object(Illuminate\Routing\Route), Object(Illuminate\Http\Request))
#11 /home/dubdub/projects/VoluntEasy/laravelProject/vendor/compiled.php(7016): Illuminate\Routing\Router->dispatchToRoute(Object(Illuminate\Http\Request))
#12 /home/dubdub/projects/VoluntEasy/laravelProject/vendor/compiled.php(1989): Illuminate\Routing\Router->dispatch(Object(Illuminate\Http\Request))
#13 [internal function]: Illuminate\Foundation\Http\Kernel->Illuminate\Foundation\Http\{closure}(Object(Illuminate\Http\Request))
#14 /home/dubdub/projects/VoluntEasy/laravelProject/vendor/compiled.php(9053): call_user_func(Object(Closure), Object(Illuminate\Http\Request))
#15 /home/dubdub/projects/VoluntEasy/laravelProject/vendor/compiled.php(2492): Illuminate\Pipeline\Pipeline->Illuminate\Pipeline\{closure}(Object(Illuminate\Http\Request))
#16 /home/dubdub/projects/VoluntEasy/laravelProject/app/Http/Middleware/VerifyCsrfToken.php(17): Illuminate\Foundation\Http\Middleware\VerifyCsrfToken->handle(Object(Illuminate\Http\Request), Object(Closure))
#17 /home/dubdub/projects/VoluntEasy/laravelProject/vendor/compiled.php(9045): App\Http\Middleware\VerifyCsrfToken->handle(Object(Illuminate\Http\Request), Object(Closure))
#18 /home/dubdub/projects/VoluntEasy/laravelProject/vendor/compiled.php(12202): Illuminate\Pipeline\Pipeline->Illuminate\Pipeline\{closure}(Object(Illuminate\Http\Request))
#19 /home/dubdub/projects/VoluntEasy/laravelProject/vendor/compiled.php(9045): Illuminate\View\Middleware\ShareErrorsFromSession->handle(Object(Illuminate\Http\Request), Object(Closure))
#20 /home/dubdub/projects/VoluntEasy/laravelProject/vendor/compiled.php(10903): Illuminate\Pipeline\Pipeline->Illuminate\Pipeline\{closure}(Object(Illuminate\Http\Request))
#21 /home/dubdub/projects/VoluntEasy/laravelProject/vendor/compiled.php(9045): Illuminate\Session\Middleware\StartSession->handle(Object(Illuminate\Http\Request), Object(Closure))
#22 /home/dubdub/projects/VoluntEasy/laravelProject/vendor/compiled.php(11908): Illuminate\Pipeline\Pipeline->Illuminate\Pipeline\{closure}(Object(Illuminate\Http\Request))
#23 /home/dubdub/projects/VoluntEasy/laravelProject/vendor/compiled.php(9045): Illuminate\Cookie\Middleware\AddQueuedCookiesToResponse->handle(Object(Illuminate\Http\Request), Object(Closure))
#24 /home/dubdub/projects/VoluntEasy/laravelProject/vendor/compiled.php(11857): Illuminate\Pipeline\Pipeline->Illuminate\Pipeline\{closure}(Object(Illuminate\Http\Request))
#25 /home/dubdub/projects/VoluntEasy/laravelProject/vendor/compiled.php(9045): Illuminate\Cookie\Middleware\EncryptCookies->handle(Object(Illuminate\Http\Request), Object(Closure))
#26 /home/dubdub/projects/VoluntEasy/laravelProject/vendor/compiled.php(2532): Illuminate\Pipeline\Pipeline->Illuminate\Pipeline\{closure}(Object(Illuminate\Http\Request))
#27 /home/dubdub/projects/VoluntEasy/laravelProject/vendor/compiled.php(9045): Illuminate\Foundation\Http\Middleware\CheckForMaintenanceMode->handle(Object(Illuminate\Http\Request), Object(Closure))
#28 [internal function]: Illuminate\Pipeline\Pipeline->Illuminate\Pipeline\{closure}(Object(Illuminate\Http\Request))
#29 /home/dubdub/projects/VoluntEasy/laravelProject/vendor/compiled.php(9036): call_user_func(Object(Closure), Object(Illuminate\Http\Request))
#30 /home/dubdub/projects/VoluntEasy/laravelProject/vendor/compiled.php(1945): Illuminate\Pipeline\Pipeline->then(Object(Closure))
#31 /home/dubdub/projects/VoluntEasy/laravelProject/vendor/compiled.php(1932): Illuminate\Foundation\Http\Kernel->sendRequestThroughRouter(Object(Illuminate\Http\Request))
#32 /home/dubdub/projects/VoluntEasy/laravelProject/public/index.php(53): Illuminate\Foundation\Http\Kernel->handle(Object(Illuminate\Http\Request))
#33 /home/dubdub/projects/VoluntEasy/laravelProject/server.php(21): require_once('/home/dubdub/pr...')
#34 {main}  
[2015-05-12 12:17:21] production.ERROR: exception 'ErrorException' with message 'Use of undefined constant test - assumed 'test'' in /home/dubdub/projects/VoluntEasy/laravelProject/app/Http/routes.php:30
Stack trace:
#0 /home/dubdub/projects/VoluntEasy/laravelProject/app/Http/routes.php(30): Illuminate\Foundation\Bootstrap\HandleExceptions->handleError(8, 'Use of undefine...', '/home/dubdub/pr...', 30, Array)
#1 [internal function]: App\Providers\RouteServiceProvider->{closure}()
#2 /home/dubdub/projects/VoluntEasy/laravelProject/vendor/compiled.php(7385): call_user_func_array(Object(Closure), Array)
#3 /home/dubdub/projects/VoluntEasy/laravelProject/vendor/compiled.php(7372): Illuminate\Routing\Route->runCallable(Object(Illuminate\Http\Request))
#4 /home/dubdub/projects/VoluntEasy/laravelProject/vendor/compiled.php(7041): Illuminate\Routing\Route->run(Object(Illuminate\Http\Request))
#5 [internal function]: Illuminate\Routing\Router->Illuminate\Routing\{closure}(Object(Illuminate\Http\Request))
#6 /home/dubdub/projects/VoluntEasy/laravelProject/vendor/compiled.php(9053): call_user_func(Object(Closure), Object(Illuminate\Http\Request))
#7 [internal function]: Illuminate\Pipeline\Pipeline->Illuminate\Pipeline\{closure}(Object(Illuminate\Http\Request))
#8 /home/dubdub/projects/VoluntEasy/laravelProject/vendor/compiled.php(9036): call_user_func(Object(Closure), Object(Illuminate\Http\Request))
#9 /home/dubdub/projects/VoluntEasy/laravelProject/vendor/compiled.php(7042): Illuminate\Pipeline\Pipeline->then(Object(Closure))
#10 /home/dubdub/projects/VoluntEasy/laravelProject/vendor/compiled.php(7031): Illuminate\Routing\Router->runRouteWithinStack(Object(Illuminate\Routing\Route), Object(Illuminate\Http\Request))
#11 /home/dubdub/projects/VoluntEasy/laravelProject/vendor/compiled.php(7016): Illuminate\Routing\Router->dispatchToRoute(Object(Illuminate\Http\Request))
#12 /home/dubdub/projects/VoluntEasy/laravelProject/vendor/compiled.php(1989): Illuminate\Routing\Router->dispatch(Object(Illuminate\Http\Request))
#13 [internal function]: Illuminate\Foundation\Http\Kernel->Illuminate\Foundation\Http\{closure}(Object(Illuminate\Http\Request))
#14 /home/dubdub/projects/VoluntEasy/laravelProject/vendor/compiled.php(9053): call_user_func(Object(Closure), Object(Illuminate\Http\Request))
#15 /home/dubdub/projects/VoluntEasy/laravelProject/vendor/compiled.php(2492): Illuminate\Pipeline\Pipeline->Illuminate\Pipeline\{closure}(Object(Illuminate\Http\Request))
#16 /home/dubdub/projects/VoluntEasy/laravelProject/app/Http/Middleware/VerifyCsrfToken.php(17): Illuminate\Foundation\Http\Middleware\VerifyCsrfToken->handle(Object(Illuminate\Http\Request), Object(Closure))
#17 /home/dubdub/projects/VoluntEasy/laravelProject/vendor/compiled.php(9045): App\Http\Middleware\VerifyCsrfToken->handle(Object(Illuminate\Http\Request), Object(Closure))
#18 /home/dubdub/projects/VoluntEasy/laravelProject/vendor/compiled.php(12202): Illuminate\Pipeline\Pipeline->Illuminate\Pipeline\{closure}(Object(Illuminate\Http\Request))
#19 /home/dubdub/projects/VoluntEasy/laravelProject/vendor/compiled.php(9045): Illuminate\View\Middleware\ShareErrorsFromSession->handle(Object(Illuminate\Http\Request), Object(Closure))
#20 /home/dubdub/projects/VoluntEasy/laravelProject/vendor/compiled.php(10903): Illuminate\Pipeline\Pipeline->Illuminate\Pipeline\{closure}(Object(Illuminate\Http\Request))
#21 /home/dubdub/projects/VoluntEasy/laravelProject/vendor/compiled.php(9045): Illuminate\Session\Middleware\StartSession->handle(Object(Illuminate\Http\Request), Object(Closure))
#22 /home/dubdub/projects/VoluntEasy/laravelProject/vendor/compiled.php(11908): Illuminate\Pipeline\Pipeline->Illuminate\Pipeline\{closure}(Object(Illuminate\Http\Request))
#23 /home/dubdub/projects/VoluntEasy/laravelProject/vendor/compiled.php(9045): Illuminate\Cookie\Middleware\AddQueuedCookiesToResponse->handle(Object(Illuminate\Http\Request), Object(Closure))
#24 /home/dubdub/projects/VoluntEasy/laravelProject/vendor/compiled.php(11857): Illuminate\Pipeline\Pipeline->Illuminate\Pipeline\{closure}(Object(Illuminate\Http\Request))
#25 /home/dubdub/projects/VoluntEasy/laravelProject/vendor/compiled.php(9045): Illuminate\Cookie\Middleware\EncryptCookies->handle(Object(Illuminate\Http\Request), Object(Closure))
#26 /home/dubdub/projects/VoluntEasy/laravelProject/vendor/compiled.php(2532): Illuminate\Pipeline\Pipeline->Illuminate\Pipeline\{closure}(Object(Illuminate\Http\Request))
#27 /home/dubdub/projects/VoluntEasy/laravelProject/vendor/compiled.php(9045): Illuminate\Foundation\Http\Middleware\CheckForMaintenanceMode->handle(Object(Illuminate\Http\Request), Object(Closure))
#28 [internal function]: Illuminate\Pipeline\Pipeline->Illuminate\Pipeline\{closure}(Object(Illuminate\Http\Request))
#29 /home/dubdub/projects/VoluntEasy/laravelProject/vendor/compiled.php(9036): call_user_func(Object(Closure), Object(Illuminate\Http\Request))
#30 /home/dubdub/projects/VoluntEasy/laravelProject/vendor/compiled.php(1945): Illuminate\Pipeline\Pipeline->then(Object(Closure))
#31 /home/dubdub/projects/VoluntEasy/laravelProject/vendor/compiled.php(1932): Illuminate\Foundation\Http\Kernel->sendRequestThroughRouter(Object(Illuminate\Http\Request))
#32 /home/dubdub/projects/VoluntEasy/laravelProject/public/index.php(53): Illuminate\Foundation\Http\Kernel->handle(Object(Illuminate\Http\Request))
#33 /home/dubdub/projects/VoluntEasy/laravelProject/server.php(21): require_once('/home/dubdub/pr...')
#34 {main}  
[2015-05-12 12:17:49] production.ERROR: exception 'ErrorException' with message 'array_merge(): Argument #2 is not an array' in /home/dubdub/projects/VoluntEasy/laravelProject/vendor/compiled.php:13116
Stack trace:
#0 [internal function]: Illuminate\Foundation\Bootstrap\HandleExceptions->handleError(2, 'array_merge(): ...', '/home/dubdub/pr...', 13116, Array)
#1 /home/dubdub/projects/VoluntEasy/laravelProject/vendor/compiled.php(13116): array_merge(Array, 'test')
#2 /home/dubdub/projects/VoluntEasy/laravelProject/vendor/compiled.php(5370): Illuminate\View\Factory->make('test', 'test')
#3 /home/dubdub/projects/VoluntEasy/laravelProject/app/Http/routes.php(30): Illuminate\Support\Facades\Facade::__callStatic('make', Array)
#4 /home/dubdub/projects/VoluntEasy/laravelProject/app/Http/routes.php(30): Illuminate\Support\Facades\View::make('test', 'test')
#5 [internal function]: App\Providers\RouteServiceProvider->{closure}()
#6 /home/dubdub/projects/VoluntEasy/laravelProject/vendor/compiled.php(7385): call_user_func_array(Object(Closure), Array)
#7 /home/dubdub/projects/VoluntEasy/laravelProject/vendor/compiled.php(7372): Illuminate\Routing\Route->runCallable(Object(Illuminate\Http\Request))
#8 /home/dubdub/projects/VoluntEasy/laravelProject/vendor/compiled.php(7041): Illuminate\Routing\Route->run(Object(Illuminate\Http\Request))
#9 [internal function]: Illuminate\Routing\Router->Illuminate\Routing\{closure}(Object(Illuminate\Http\Request))
#10 /home/dubdub/projects/VoluntEasy/laravelProject/vendor/compiled.php(9053): call_user_func(Object(Closure), Object(Illuminate\Http\Request))
#11 [internal function]: Illuminate\Pipeline\Pipeline->Illuminate\Pipeline\{closure}(Object(Illuminate\Http\Request))
#12 /home/dubdub/projects/VoluntEasy/laravelProject/vendor/compiled.php(9036): call_user_func(Object(Closure), Object(Illuminate\Http\Request))
#13 /home/dubdub/projects/VoluntEasy/laravelProject/vendor/compiled.php(7042): Illuminate\Pipeline\Pipeline->then(Object(Closure))
#14 /home/dubdub/projects/VoluntEasy/laravelProject/vendor/compiled.php(7031): Illuminate\Routing\Router->runRouteWithinStack(Object(Illuminate\Routing\Route), Object(Illuminate\Http\Request))
#15 /home/dubdub/projects/VoluntEasy/laravelProject/vendor/compiled.php(7016): Illuminate\Routing\Router->dispatchToRoute(Object(Illuminate\Http\Request))
#16 /home/dubdub/projects/VoluntEasy/laravelProject/vendor/compiled.php(1989): Illuminate\Routing\Router->dispatch(Object(Illuminate\Http\Request))
#17 [internal function]: Illuminate\Foundation\Http\Kernel->Illuminate\Foundation\Http\{closure}(Object(Illuminate\Http\Request))
#18 /home/dubdub/projects/VoluntEasy/laravelProject/vendor/compiled.php(9053): call_user_func(Object(Closure), Object(Illuminate\Http\Request))
#19 /home/dubdub/projects/VoluntEasy/laravelProject/vendor/compiled.php(2492): Illuminate\Pipeline\Pipeline->Illuminate\Pipeline\{closure}(Object(Illuminate\Http\Request))
#20 /home/dubdub/projects/VoluntEasy/laravelProject/app/Http/Middleware/VerifyCsrfToken.php(17): Illuminate\Foundation\Http\Middleware\VerifyCsrfToken->handle(Object(Illuminate\Http\Request), Object(Closure))
#21 /home/dubdub/projects/VoluntEasy/laravelProject/vendor/compiled.php(9045): App\Http\Middleware\VerifyCsrfToken->handle(Object(Illuminate\Http\Request), Object(Closure))
#22 /home/dubdub/projects/VoluntEasy/laravelProject/vendor/compiled.php(12202): Illuminate\Pipeline\Pipeline->Illuminate\Pipeline\{closure}(Object(Illuminate\Http\Request))
#23 /home/dubdub/projects/VoluntEasy/laravelProject/vendor/compiled.php(9045): Illuminate\View\Middleware\ShareErrorsFromSession->handle(Object(Illuminate\Http\Request), Object(Closure))
#24 /home/dubdub/projects/VoluntEasy/laravelProject/vendor/compiled.php(10903): Illuminate\Pipeline\Pipeline->Illuminate\Pipeline\{closure}(Object(Illuminate\Http\Request))
#25 /home/dubdub/projects/VoluntEasy/laravelProject/vendor/compiled.php(9045): Illuminate\Session\Middleware\StartSession->handle(Object(Illuminate\Http\Request), Object(Closure))
#26 /home/dubdub/projects/VoluntEasy/laravelProject/vendor/compiled.php(11908): Illuminate\Pipeline\Pipeline->Illuminate\Pipeline\{closure}(Object(Illuminate\Http\Request))
#27 /home/dubdub/projects/VoluntEasy/laravelProject/vendor/compiled.php(9045): Illuminate\Cookie\Middleware\AddQueuedCookiesToResponse->handle(Object(Illuminate\Http\Request), Object(Closure))
#28 /home/dubdub/projects/VoluntEasy/laravelProject/vendor/compiled.php(11857): Illuminate\Pipeline\Pipeline->Illuminate\Pipeline\{closure}(Object(Illuminate\Http\Request))
#29 /home/dubdub/projects/VoluntEasy/laravelProject/vendor/compiled.php(9045): Illuminate\Cookie\Middleware\EncryptCookies->handle(Object(Illuminate\Http\Request), Object(Closure))
#30 /home/dubdub/projects/VoluntEasy/laravelProject/vendor/compiled.php(2532): Illuminate\Pipeline\Pipeline->Illuminate\Pipeline\{closure}(Object(Illuminate\Http\Request))
#31 /home/dubdub/projects/VoluntEasy/laravelProject/vendor/compiled.php(9045): Illuminate\Foundation\Http\Middleware\CheckForMaintenanceMode->handle(Object(Illuminate\Http\Request), Object(Closure))
#32 [internal function]: Illuminate\Pipeline\Pipeline->Illuminate\Pipeline\{closure}(Object(Illuminate\Http\Request))
#33 /home/dubdub/projects/VoluntEasy/laravelProject/vendor/compiled.php(9036): call_user_func(Object(Closure), Object(Illuminate\Http\Request))
#34 /home/dubdub/projects/VoluntEasy/laravelProject/vendor/compiled.php(1945): Illuminate\Pipeline\Pipeline->then(Object(Closure))
#35 /home/dubdub/projects/VoluntEasy/laravelProject/vendor/compiled.php(1932): Illuminate\Foundation\Http\Kernel->sendRequestThroughRouter(Object(Illuminate\Http\Request))
#36 /home/dubdub/projects/VoluntEasy/laravelProject/public/index.php(53): Illuminate\Foundation\Http\Kernel->handle(Object(Illuminate\Http\Request))
#37 /home/dubdub/projects/VoluntEasy/laravelProject/server.php(21): require_once('/home/dubdub/pr...')
#38 {main}  
